<?xml version="1.0" encoding="UTF-8"?>
<!-- Generated by org.testng.reporters.JUnitReportReporter -->
<testsuite hostname="LX-BLR-LT-002" failures="0" tests="20" name="LinkCxOWeb.TestCase.WebTestCases" time="35.740" errors="0" timestamp="2024-05-21T14:53:02 IST" skipped="18">
  <testcase classname="LinkCxOWeb.TestCase.WebTestCases" name="loginviaMobileNumber" time="12.063"/>
  <system-out/>
  <testcase classname="LinkCxOWeb.TestCase.WebTestCases" name="CreatePost" time="23.677"/>
  <system-out/>
  <testcase classname="LinkCxOWeb.TestCase.WebTestCases" name="SwitchWindowCheck">
    <skipped/>
  </testcase> <!-- SwitchWindowCheck -->
  <system-out/>
  <testcase classname="LinkCxOWeb.TestCase.WebTestCases" name="CreateClub">
    <skipped/>
  </testcase> <!-- CreateClub -->
  <system-out/>
  <testcase classname="LinkCxOWeb.TestCase.WebTestCases" name="CreateSurvey">
    <skipped/>
  </testcase> <!-- CreateSurvey -->
  <system-out/>
  <testcase classname="LinkCxOWeb.TestCase.WebTestCases" name="CreateQuery">
    <skipped/>
  </testcase> <!-- CreateQuery -->
  <system-out/>
  <testcase classname="LinkCxOWeb.TestCase.WebTestCases" name="AddLanguage">
    <skipped/>
  </testcase> <!-- AddLanguage -->
  <system-out/>
  <testcase classname="LinkCxOWeb.TestCase.WebTestCases" name="ChangeStatusfromInactivetoOpen">
    <skipped/>
  </testcase> <!-- ChangeStatusfromInactivetoOpen -->
  <system-out/>
  <testcase classname="LinkCxOWeb.TestCase.WebTestCases" name="CreatePoll">
    <skipped/>
  </testcase> <!-- CreatePoll -->
  <system-out/>
  <testcase classname="LinkCxOWeb.TestCase.WebTestCases" name="ApplyJob">
    <skipped/>
  </testcase> <!-- ApplyJob -->
  <system-out/>
  <testcase classname="LinkCxOWeb.TestCase.WebTestCases" name="ComposeAnARticle">
    <skipped/>
  </testcase> <!-- ComposeAnARticle -->
  <system-out/>
  <testcase classname="LinkCxOWeb.TestCase.WebTestCases" name="CreateJob">
    <skipped/>
  </testcase> <!-- CreateJob -->
  <system-out/>
  <testcase classname="LinkCxOWeb.TestCase.WebTestCases" name="SaveJob">
    <skipped/>
  </testcase> <!-- SaveJob -->
  <system-out/>
  <testcase classname="LinkCxOWeb.TestCase.WebTestCases" name="EditStatusAsInactive">
    <skipped/>
  </testcase> <!-- EditStatusAsInactive -->
  <system-out/>
  <testcase classname="LinkCxOWeb.TestCase.WebTestCases" name="ChangeStatusfromOpentoClosed">
    <skipped/>
  </testcase> <!-- ChangeStatusfromOpentoClosed -->
  <system-out/>
  <testcase classname="LinkCxOWeb.TestCase.WebTestCases" name="ChangeAppliedJobStatus">
    <skipped/>
  </testcase> <!-- ChangeAppliedJobStatus -->
  <system-out/>
  <testcase classname="LinkCxOWeb.TestCase.WebTestCases" name="addInterest">
    <skipped/>
  </testcase> <!-- addInterest -->
  <system-out/>
  <testcase classname="LinkCxOWeb.TestCase.WebTestCases" name="CreateEvent">
    <skipped/>
  </testcase> <!-- CreateEvent -->
  <system-out/>
  <testcase classname="LinkCxOWeb.TestCase.WebTestCases" name="SkillsAdd">
    <skipped/>
  </testcase> <!-- SkillsAdd -->
  <system-out/>
  <testcase classname="LinkCxOWeb.TestCase.WebTestCases" name="AddIndustry">
    <skipped/>
  </testcase> <!-- AddIndustry -->
  <system-out/>
</testsuite> <!-- LinkCxOWeb.TestCase.WebTestCases -->
